# JRE version: Java(TM) SE Runtime Environment (8.0_65-b17) (build 1.8.0_65-b17)
# Java VM: Java HotSpot(TM) Client VM (25.65-b01 mixed mode windows-x86 )
Heap:
 def new generation   total 9792K, used 7655K [0x0f600000, 0x100a0000, 0x14b50000)
  eden space 8704K,  75% used [0x0f600000, 0x0fc69d28, 0x0fe80000)
  from space 1088K,  99% used [0x0ff90000, 0x1009ff00, 0x100a0000)
  to   space 1088K,   0% used [0x0fe80000, 0x0fe80000, 0x0ff90000)
 tenured generation   total 21664K, used 13090K [0x14b50000, 0x16078000, 0x1f600000)
   the space 21664K,  60% used [0x14b50000, 0x158188d8, 0x15818a00, 0x16078000)
 Metaspace       used 8242K, capacity 8446K, committed 8576K, reserved 8576K
GC Heap History (10 events):
Event: 32.377 GC heap before
{Heap before GC invocations=5 (full 0):
 def new generation   total 4928K, used 4928K [0x0f600000, 0x0fb50000, 0x14b50000)
  eden space 4416K, 100% used [0x0f600000, 0x0fa50000, 0x0fa50000)
  from space 512K, 100% used [0x0fad0000, 0x0fb50000, 0x0fb50000)
  to   space 512K,   0% used [0x0fa50000, 0x0fa50000, 0x0fad0000)
 tenured generation   total 10944K, used 9043K [0x14b50000, 0x15600000, 0x1f600000)
   the space 10944K,  82% used [0x14b50000, 0x15424c90, 0x15424e00, 0x15600000)
 Metaspace       used 7552K, capacity 7742K, committed 7936K, reserved 8576K
Event: 32.381 GC heap after
Heap after GC invocations=6 (full 0):
 def new generation   total 4928K, used 511K [0x0f600000, 0x0fb50000, 0x14b50000)
  eden space 4416K,   0% used [0x0f600000, 0x0f600000, 0x0fa50000)
  from space 512K,  99% used [0x0fa50000, 0x0facfff8, 0x0fad0000)
  to   space 512K,   0% used [0x0fad0000, 0x0fad0000, 0x0fb50000)
 tenured generation   total 10944K, used 9627K [0x14b50000, 0x15600000, 0x1f600000)
   the space 10944K,  87% used [0x14b50000, 0x154b6fc8, 0x154b7000, 0x15600000)
 Metaspace       used 7552K, capacity 7742K, committed 7936K, reserved 8576K
}
Event: 32.431 GC heap before
{Heap before GC invocations=6 (full 0):
 def new generation   total 4928K, used 4927K [0x0f600000, 0x0fb50000, 0x14b50000)
  eden space 4416K, 100% used [0x0f600000, 0x0fa50000, 0x0fa50000)
  from space 512K,  99% used [0x0fa50000, 0x0facfff8, 0x0fad0000)
  to   space 512K,   0% used [0x0fad0000, 0x0fad0000, 0x0fb50000)
 tenured generation   total 10944K, used 9627K [0x14b50000, 0x15600000, 0x1f600000)
   the space 10944K,  87% used [0x14b50000, 0x154b6fc8, 0x154b7000, 0x15600000)
 Metaspace       used 7552K, capacity 7742K, committed 7936K, reserved 8576K
Event: 32.436 GC heap after
Heap after GC invocations=7 (full 0):
 def new generation   total 4928K, used 191K [0x0f600000, 0x0fb50000, 0x14b50000)
  eden space 4416K,   0% used [0x0f600000, 0x0f600000, 0x0fa50000)
  from space 512K,  37% used [0x0fad0000, 0x0fafff78, 0x0fb50000)
  to   space 512K,   0% used [0x0fa50000, 0x0fa50000, 0x0fad0000)
 tenured generation   total 10944K, used 10102K [0x14b50000, 0x15600000, 0x1f600000)
   the space 10944K,  92% used [0x14b50000, 0x1552dbf0, 0x1552dc00, 0x15600000)
 Metaspace       used 7552K, capacity 7742K, committed 7936K, reserved 8576K
}
Event: 40.525 GC heap before
{Heap before GC invocations=7 (full 0):
 def new generation   total 4928K, used 4607K [0x0f600000, 0x0fb50000, 0x14b50000)
  eden space 4416K, 100% used [0x0f600000, 0x0fa50000, 0x0fa50000)
  from space 512K,  37% used [0x0fad0000, 0x0fafff78, 0x0fb50000)
  to   space 512K,   0% used [0x0fa50000, 0x0fa50000, 0x0fad0000)
 tenured generation   total 10944K, used 10102K [0x14b50000, 0x15600000, 0x1f600000)
   the space 10944K,  92% used [0x14b50000, 0x1552dbf0, 0x1552dc00, 0x15600000)
 Metaspace       used 7562K, capacity 7742K, committed 7936K, reserved 8576K
Event: 40.528 GC heap after
Heap after GC invocations=8 (full 0):
 def new generation   total 4928K, used 512K [0x0f600000, 0x0fb50000, 0x14b50000)
  eden space 4416K,   0% used [0x0f600000, 0x0f600000, 0x0fa50000)
  from space 512K, 100% used [0x0fa50000, 0x0fad0000, 0x0fad0000)
  to   space 512K,   0% used [0x0fad0000, 0x0fad0000, 0x0fb50000)
 tenured generation   total 10944K, used 10549K [0x14b50000, 0x15600000, 0x1f600000)
   the space 10944K,  96% used [0x14b50000, 0x1559d680, 0x1559d800, 0x15600000)
 Metaspace       used 7562K, capacity 7742K, committed 7936K, reserved 8576K
}
Event: 40.706 GC heap before
{Heap before GC invocations=8 (full 0):
 def new generation   total 4928K, used 4928K [0x0f600000, 0x0fb50000, 0x14b50000)
  eden space 4416K, 100% used [0x0f600000, 0x0fa50000, 0x0fa50000)
  from space 512K, 100% used [0x0fa50000, 0x0fad0000, 0x0fad0000)
  to   space 512K,   0% used [0x0fad0000, 0x0fad0000, 0x0fb50000)
 tenured generation   total 10944K, used 10549K [0x14b50000, 0x15600000, 0x1f600000)
   the space 10944K,  96% used [0x14b50000, 0x1559d680, 0x1559d800, 0x15600000)
 Metaspace       used 7801K, capacity 7998K, committed 8192K, reserved 8576K
Event: 40.740 GC heap after
Heap after GC invocations=9 (full 1):
 def new generation   total 9792K, used 440K [0x0f600000, 0x100a0000, 0x14b50000)
  eden space 8704K,   5% used [0x0f600000, 0x0f66e2f0, 0x0fe80000)
  from space 1088K,   0% used [0x0fe80000, 0x0fe80000, 0x0ff90000)
  to   space 1088K,   0% used [0x0ff90000, 0x0ff90000, 0x100a0000)
 tenured generation   total 21664K, used 12997K [0x14b50000, 0x16078000, 0x1f600000)
   the space 21664K,  59% used [0x14b50000, 0x158015b8, 0x15801600, 0x16078000)
 Metaspace       used 7794K, capacity 7981K, committed 8192K, reserved 8576K
}
Event: 69.521 GC heap before
{Heap before GC invocations=9 (full 1):
 def new generation   total 9792K, used 8704K [0x0f600000, 0x100a0000, 0x14b50000)
  eden space 8704K, 100% used [0x0f600000, 0x0fe80000, 0x0fe80000)
  from space 1088K,   0% used [0x0fe80000, 0x0fe80000, 0x0ff90000)
  to   space 1088K,   0% used [0x0ff90000, 0x0ff90000, 0x100a0000)
 tenured generation   total 21664K, used 12997K [0x14b50000, 0x16078000, 0x1f600000)
   the space 21664K,  59% used [0x14b50000, 0x158015b8, 0x15801600, 0x16078000)
 Metaspace       used 8031K, capacity 8220K, committed 8320K, reserved 8576K
Event: 69.528 GC heap after
Heap after GC invocations=10 (full 1):
 def new generation   total 9792K, used 1087K [0x0f600000, 0x100a0000, 0x14b50000)
  eden space 8704K,   0% used [0x0f600000, 0x0f600000, 0x0fe80000)
  from space 1088K,  99% used [0x0ff90000, 0x1009ff00, 0x100a0000)
  to   space 1088K,   0% used [0x0fe80000, 0x0fe80000, 0x0ff90000)
 tenured generation   total 21664K, used 13090K [0x14b50000, 0x16078000, 0x1f600000)
   the space 21664K,  60% used [0x14b50000, 0x158188d8, 0x15818a00, 0x16078000)
 Metaspace       used 8031K, capacity 8220K, committed 8320K, reserved 8576K
}

