# JRE version: Java(TM) SE Runtime Environment (7.0_45-b18) (build 1.7.0_45-b18)
# Java VM: Java HotSpot(TM) Client VM (24.45-b08 mixed mode windows-x86 )
Heap
 def new generation   total 19648K, used 11373K [0x04d90000, 0x062e0000, 0x1a2e0000)
  eden space 17472K,  64% used [0x04d90000, 0x0589e888, 0x05ea0000)
  from space 2176K,   2% used [0x060c0000, 0x060cce18, 0x062e0000)
  to   space 2176K,   0% used [0x05ea0000, 0x05ea0000, 0x060c0000)
 tenured generation   total 43528K, used 32417K [0x1a2e0000, 0x1cd62000, 0x44d90000)
   the space 43528K,  74% used [0x1a2e0000, 0x1c288760, 0x1c288800, 0x1cd62000)
 compacting perm gen  total 21504K, used 21295K [0x44d90000, 0x46290000, 0x48d90000)
   the space 21504K,  99% used [0x44d90000, 0x4625bd58, 0x4625be00, 0x46290000)
GC Heap History (10 events):
Event: 52.140 GC heap before
{Heap before GC invocations=62 (full 4):
 def new generation   total 19648K, used 17666K [0x04d90000, 0x062e0000, 0x1a2e0000)
  eden space 17472K,  92% used [0x04d90000, 0x05d63b10, 0x05ea0000)
  from space 2176K,  67% used [0x05ea0000, 0x0600ce90, 0x060c0000)
  to   space 2176K,   0% used [0x060c0000, 0x060c0000, 0x062e0000)
 tenured generation   total 43528K, used 32415K [0x1a2e0000, 0x1cd62000, 0x44d90000)
   the space 43528K,  74% used [0x1a2e0000, 0x1c287e78, 0x1c288000, 0x1cd62000)
 compacting perm gen  total 21248K, used 21202K [0x44d90000, 0x46250000, 0x48d90000)
   the space 21248K,  99% used [0x44d90000, 0x46244bd0, 0x46244c00, 0x46250000)
No shared spaces configured.
Event: 52.142 GC heap after
Heap after GC invocations=63 (full 4):
 def new generation   total 19648K, used 1459K [0x04d90000, 0x062e0000, 0x1a2e0000)
  eden space 17472K,   0% used [0x04d90000, 0x04d90000, 0x05ea0000)
  from space 2176K,  67% used [0x060c0000, 0x0622ced8, 0x062e0000)
  to   space 2176K,   0% used [0x05ea0000, 0x05ea0000, 0x060c0000)
 tenured generation   total 43528K, used 32415K [0x1a2e0000, 0x1cd62000, 0x44d90000)
   the space 43528K,  74% used [0x1a2e0000, 0x1c287ec8, 0x1c288000, 0x1cd62000)
 compacting perm gen  total 21248K, used 21202K [0x44d90000, 0x46250000, 0x48d90000)
   the space 21248K,  99% used [0x44d90000, 0x46244bd0, 0x46244c00, 0x46250000)
No shared spaces configured.
}
Event: 67.746 GC heap before
{Heap before GC invocations=63 (full 4):
 def new generation   total 19648K, used 18929K [0x04d90000, 0x062e0000, 0x1a2e0000)
  eden space 17472K,  99% used [0x04d90000, 0x05e9f5f8, 0x05ea0000)
  from space 2176K,  67% used [0x060c0000, 0x0622ced8, 0x062e0000)
  to   space 2176K,   0% used [0x05ea0000, 0x05ea0000, 0x060c0000)
 tenured generation   total 43528K, used 32415K [0x1a2e0000, 0x1cd62000, 0x44d90000)
   the space 43528K,  74% used [0x1a2e0000, 0x1c287ec8, 0x1c288000, 0x1cd62000)
 compacting perm gen  total 21504K, used 21287K [0x44d90000, 0x46290000, 0x48d90000)
   the space 21504K,  98% used [0x44d90000, 0x46259fc0, 0x4625a000, 0x46290000)
No shared spaces configured.
Event: 67.748 GC heap after
Heap after GC invocations=64 (full 4):
 def new generation   total 19648K, used 119K [0x04d90000, 0x062e0000, 0x1a2e0000)
  eden space 17472K,   0% used [0x04d90000, 0x04d90000, 0x05ea0000)
  from space 2176K,   5% used [0x05ea0000, 0x05ebde60, 0x060c0000)
  to   space 2176K,   0% used [0x060c0000, 0x060c0000, 0x062e0000)
 tenured generation   total 43528K, used 32417K [0x1a2e0000, 0x1cd62000, 0x44d90000)
   the space 43528K,  74% used [0x1a2e0000, 0x1c288760, 0x1c288800, 0x1cd62000)
 compacting perm gen  total 21504K, used 21287K [0x44d90000, 0x46290000, 0x48d90000)
   the space 21504K,  98% used [0x44d90000, 0x46259fc0, 0x4625a000, 0x46290000)
No shared spaces configured.
}
Event: 67.961 GC heap before
{Heap before GC invocations=64 (full 4):
 def new generation   total 19648K, used 17589K [0x04d90000, 0x062e0000, 0x1a2e0000)
  eden space 17472K,  99% used [0x04d90000, 0x05e9f7f0, 0x05ea0000)
  from space 2176K,   5% used [0x05ea0000, 0x05ebde60, 0x060c0000)
  to   space 2176K,   0% used [0x060c0000, 0x060c0000, 0x062e0000)
 tenured generation   total 43528K, used 32417K [0x1a2e0000, 0x1cd62000, 0x44d90000)
   the space 43528K,  74% used [0x1a2e0000, 0x1c288760, 0x1c288800, 0x1cd62000)
 compacting perm gen  total 21504K, used 21287K [0x44d90000, 0x46290000, 0x48d90000)
   the space 21504K,  98% used [0x44d90000, 0x46259fc0, 0x4625a000, 0x46290000)
No shared spaces configured.
Event: 67.962 GC heap after
Heap after GC invocations=65 (full 4):
 def new generation   total 19648K, used 29K [0x04d90000, 0x062e0000, 0x1a2e0000)
  eden space 17472K,   0% used [0x04d90000, 0x04d90000, 0x05ea0000)
  from space 2176K,   1% used [0x060c0000, 0x060c7588, 0x062e0000)
  to   space 2176K,   0% used [0x05ea0000, 0x05ea0000, 0x060c0000)
 tenured generation   total 43528K, used 32417K [0x1a2e0000, 0x1cd62000, 0x44d90000)
   the space 43528K,  74% used [0x1a2e0000, 0x1c288760, 0x1c288800, 0x1cd62000)
 compacting perm gen  total 21504K, used 21287K [0x44d90000, 0x46290000, 0x48d90000)
   the space 21504K,  98% used [0x44d90000, 0x46259fc0, 0x4625a000, 0x46290000)
No shared spaces configured.
}
Event: 74.640 GC heap before
{Heap before GC invocations=65 (full 4):
 def new generation   total 19648K, used 17501K [0x04d90000, 0x062e0000, 0x1a2e0000)
  eden space 17472K, 100% used [0x04d90000, 0x05ea0000, 0x05ea0000)
  from space 2176K,   1% used [0x060c0000, 0x060c7588, 0x062e0000)
  to   space 2176K,   0% used [0x05ea0000, 0x05ea0000, 0x060c0000)
 tenured generation   total 43528K, used 32417K [0x1a2e0000, 0x1cd62000, 0x44d90000)
   the space 43528K,  74% used [0x1a2e0000, 0x1c288760, 0x1c288800, 0x1cd62000)
 compacting perm gen  total 21504K, used 21288K [0x44d90000, 0x46290000, 0x48d90000)
   the space 21504K,  98% used [0x44d90000, 0x4625a000, 0x4625a000, 0x46290000)
No shared spaces configured.
Event: 74.642 GC heap after
Heap after GC invocations=66 (full 4):
 def new generation   total 19648K, used 33K [0x04d90000, 0x062e0000, 0x1a2e0000)
  eden space 17472K,   0% used [0x04d90000, 0x04d90000, 0x05ea0000)
  from space 2176K,   1% used [0x05ea0000, 0x05ea86f0, 0x060c0000)
  to   space 2176K,   0% used [0x060c0000, 0x060c0000, 0x062e0000)
 tenured generation   total 43528K, used 32417K [0x1a2e0000, 0x1cd62000, 0x44d90000)
   the space 43528K,  74% used [0x1a2e0000, 0x1c288760, 0x1c288800, 0x1cd62000)
 compacting perm gen  total 21504K, used 21288K [0x44d90000, 0x46290000, 0x48d90000)
   the space 21504K,  98% used [0x44d90000, 0x4625a000, 0x4625a000, 0x46290000)
No shared spaces configured.
}
Event: 75.165 GC heap before
{Heap before GC invocations=66 (full 4):
 def new generation   total 19648K, used 17505K [0x04d90000, 0x062e0000, 0x1a2e0000)
  eden space 17472K, 100% used [0x04d90000, 0x05ea0000, 0x05ea0000)
  from space 2176K,   1% used [0x05ea0000, 0x05ea86f0, 0x060c0000)
  to   space 2176K,   0% used [0x060c0000, 0x060c0000, 0x062e0000)
 tenured generation   total 43528K, used 32417K [0x1a2e0000, 0x1cd62000, 0x44d90000)
   the space 43528K,  74% used [0x1a2e0000, 0x1c288760, 0x1c288800, 0x1cd62000)
 compacting perm gen  total 21504K, used 21292K [0x44d90000, 0x46290000, 0x48d90000)
   the space 21504K,  99% used [0x44d90000, 0x4625b268, 0x4625b400, 0x46290000)
No shared spaces configured.
Event: 75.167 GC heap after
Heap after GC invocations=67 (full 4):
 def new generation   total 19648K, used 51K [0x04d90000, 0x062e0000, 0x1a2e0000)
  eden space 17472K,   0% used [0x04d90000, 0x04d90000, 0x05ea0000)
  from space 2176K,   2% used [0x060c0000, 0x060cce18, 0x062e0000)
  to   space 2176K,   0% used [0x05ea0000, 0x05ea0000, 0x060c0000)
 tenured generation   total 43528K, used 32417K [0x1a2e0000, 0x1cd62000, 0x44d90000)
   the space 43528K,  74% used [0x1a2e0000, 0x1c288760, 0x1c288800, 0x1cd62000)
 compacting perm gen  total 21504K, used 21292K [0x44d90000, 0x46290000, 0x48d90000)
   the space 21504K,  99% used [0x44d90000, 0x4625b268, 0x4625b400, 0x46290000)
No shared spaces configured.
}

