# JRE version: Java(TM) SE Runtime Environment (7.0_45-b18) (build 1.7.0_45-b18)
# Java VM: Java HotSpot(TM) Client VM (24.45-b08 mixed mode windows-x86 )
Heap
 def new generation   total 19584K, used 10581K [0x049d0000, 0x05f10000, 0x19f20000)
  eden space 17408K,  60% used [0x049d0000, 0x05418b30, 0x05ad0000)
  from space 2176K,   2% used [0x05cf0000, 0x05cfc970, 0x05f10000)
  to   space 2176K,   0% used [0x05ad0000, 0x05ad0000, 0x05cf0000)
 tenured generation   total 43484K, used 32392K [0x19f20000, 0x1c997000, 0x449d0000)
   the space 43484K,  74% used [0x19f20000, 0x1bec2320, 0x1bec2400, 0x1c997000)
 compacting perm gen  total 21504K, used 21361K [0x449d0000, 0x45ed0000, 0x489d0000)
   the space 21504K,  99% used [0x449d0000, 0x45eac4d8, 0x45eac600, 0x45ed0000)
GC Heap History (10 events):
Event: 177.539 GC heap before
{Heap before GC invocations=62 (full 4):
 def new generation   total 19584K, used 17667K [0x049d0000, 0x05f10000, 0x19f20000)
  eden space 17408K,  93% used [0x049d0000, 0x059a4160, 0x05ad0000)
  from space 2176K,  67% used [0x05ad0000, 0x05c3ce70, 0x05cf0000)
  to   space 2176K,   0% used [0x05cf0000, 0x05cf0000, 0x05f10000)
 tenured generation   total 43484K, used 32390K [0x19f20000, 0x1c997000, 0x449d0000)
   the space 43484K,  74% used [0x19f20000, 0x1bec1a38, 0x1bec1c00, 0x1c997000)
 compacting perm gen  total 21248K, used 21203K [0x449d0000, 0x45e90000, 0x489d0000)
   the space 21248K,  99% used [0x449d0000, 0x45e84f48, 0x45e85000, 0x45e90000)
No shared spaces configured.
Event: 177.541 GC heap after
Heap after GC invocations=63 (full 4):
 def new generation   total 19584K, used 1459K [0x049d0000, 0x05f10000, 0x19f20000)
  eden space 17408K,   0% used [0x049d0000, 0x049d0000, 0x05ad0000)
  from space 2176K,  67% used [0x05cf0000, 0x05e5cee8, 0x05f10000)
  to   space 2176K,   0% used [0x05ad0000, 0x05ad0000, 0x05cf0000)
 tenured generation   total 43484K, used 32390K [0x19f20000, 0x1c997000, 0x449d0000)
   the space 43484K,  74% used [0x19f20000, 0x1bec1a88, 0x1bec1c00, 0x1c997000)
 compacting perm gen  total 21248K, used 21203K [0x449d0000, 0x45e90000, 0x489d0000)
   the space 21248K,  99% used [0x449d0000, 0x45e84f48, 0x45e85000, 0x45e90000)
No shared spaces configured.
}
Event: 241.363 GC heap before
{Heap before GC invocations=63 (full 4):
 def new generation   total 19584K, used 18864K [0x049d0000, 0x05f10000, 0x19f20000)
  eden space 17408K,  99% used [0x049d0000, 0x05acf448, 0x05ad0000)
  from space 2176K,  67% used [0x05cf0000, 0x05e5cee8, 0x05f10000)
  to   space 2176K,   0% used [0x05ad0000, 0x05ad0000, 0x05cf0000)
 tenured generation   total 43484K, used 32390K [0x19f20000, 0x1c997000, 0x449d0000)
   the space 43484K,  74% used [0x19f20000, 0x1bec1a88, 0x1bec1c00, 0x1c997000)
 compacting perm gen  total 21504K, used 21288K [0x449d0000, 0x45ed0000, 0x489d0000)
   the space 21504K,  98% used [0x449d0000, 0x45e9a328, 0x45e9a400, 0x45ed0000)
No shared spaces configured.
Event: 241.365 GC heap after
Heap after GC invocations=64 (full 4):
 def new generation   total 19584K, used 119K [0x049d0000, 0x05f10000, 0x19f20000)
  eden space 17408K,   0% used [0x049d0000, 0x049d0000, 0x05ad0000)
  from space 2176K,   5% used [0x05ad0000, 0x05aede10, 0x05cf0000)
  to   space 2176K,   0% used [0x05cf0000, 0x05cf0000, 0x05f10000)
 tenured generation   total 43484K, used 32392K [0x19f20000, 0x1c997000, 0x449d0000)
   the space 43484K,  74% used [0x19f20000, 0x1bec2320, 0x1bec2400, 0x1c997000)
 compacting perm gen  total 21504K, used 21288K [0x449d0000, 0x45ed0000, 0x489d0000)
   the space 21504K,  98% used [0x449d0000, 0x45e9a328, 0x45e9a400, 0x45ed0000)
No shared spaces configured.
}
Event: 241.580 GC heap before
{Heap before GC invocations=64 (full 4):
 def new generation   total 19584K, used 17526K [0x049d0000, 0x05f10000, 0x19f20000)
  eden space 17408K,  99% used [0x049d0000, 0x05acfa58, 0x05ad0000)
  from space 2176K,   5% used [0x05ad0000, 0x05aede10, 0x05cf0000)
  to   space 2176K,   0% used [0x05cf0000, 0x05cf0000, 0x05f10000)
 tenured generation   total 43484K, used 32392K [0x19f20000, 0x1c997000, 0x449d0000)
   the space 43484K,  74% used [0x19f20000, 0x1bec2320, 0x1bec2400, 0x1c997000)
 compacting perm gen  total 21504K, used 21288K [0x449d0000, 0x45ed0000, 0x489d0000)
   the space 21504K,  98% used [0x449d0000, 0x45e9a328, 0x45e9a400, 0x45ed0000)
No shared spaces configured.
Event: 241.581 GC heap after
Heap after GC invocations=65 (full 4):
 def new generation   total 19584K, used 28K [0x049d0000, 0x05f10000, 0x19f20000)
  eden space 17408K,   0% used [0x049d0000, 0x049d0000, 0x05ad0000)
  from space 2176K,   1% used [0x05cf0000, 0x05cf7348, 0x05f10000)
  to   space 2176K,   0% used [0x05ad0000, 0x05ad0000, 0x05cf0000)
 tenured generation   total 43484K, used 32392K [0x19f20000, 0x1c997000, 0x449d0000)
   the space 43484K,  74% used [0x19f20000, 0x1bec2320, 0x1bec2400, 0x1c997000)
 compacting perm gen  total 21504K, used 21288K [0x449d0000, 0x45ed0000, 0x489d0000)
   the space 21504K,  98% used [0x449d0000, 0x45e9a328, 0x45e9a400, 0x45ed0000)
No shared spaces configured.
}
Event: 248.636 GC heap before
{Heap before GC invocations=65 (full 4):
 def new generation   total 19584K, used 17436K [0x049d0000, 0x05f10000, 0x19f20000)
  eden space 17408K, 100% used [0x049d0000, 0x05ad0000, 0x05ad0000)
  from space 2176K,   1% used [0x05cf0000, 0x05cf7348, 0x05f10000)
  to   space 2176K,   0% used [0x05ad0000, 0x05ad0000, 0x05cf0000)
 tenured generation   total 43484K, used 32392K [0x19f20000, 0x1c997000, 0x449d0000)
   the space 43484K,  74% used [0x19f20000, 0x1bec2320, 0x1bec2400, 0x1c997000)
 compacting perm gen  total 21504K, used 21288K [0x449d0000, 0x45ed0000, 0x489d0000)
   the space 21504K,  98% used [0x449d0000, 0x45e9a328, 0x45e9a400, 0x45ed0000)
No shared spaces configured.
Event: 248.638 GC heap after
Heap after GC invocations=66 (full 4):
 def new generation   total 19584K, used 32K [0x049d0000, 0x05f10000, 0x19f20000)
  eden space 17408K,   0% used [0x049d0000, 0x049d0000, 0x05ad0000)
  from space 2176K,   1% used [0x05ad0000, 0x05ad8388, 0x05cf0000)
  to   space 2176K,   0% used [0x05cf0000, 0x05cf0000, 0x05f10000)
 tenured generation   total 43484K, used 32392K [0x19f20000, 0x1c997000, 0x449d0000)
   the space 43484K,  74% used [0x19f20000, 0x1bec2320, 0x1bec2400, 0x1c997000)
 compacting perm gen  total 21504K, used 21288K [0x449d0000, 0x45ed0000, 0x489d0000)
   the space 21504K,  98% used [0x449d0000, 0x45e9a328, 0x45e9a400, 0x45ed0000)
No shared spaces configured.
}
Event: 249.118 GC heap before
{Heap before GC invocations=66 (full 4):
 def new generation   total 19584K, used 17440K [0x049d0000, 0x05f10000, 0x19f20000)
  eden space 17408K, 100% used [0x049d0000, 0x05ad0000, 0x05ad0000)
  from space 2176K,   1% used [0x05ad0000, 0x05ad8388, 0x05cf0000)
  to   space 2176K,   0% used [0x05cf0000, 0x05cf0000, 0x05f10000)
 tenured generation   total 43484K, used 32392K [0x19f20000, 0x1c997000, 0x449d0000)
   the space 43484K,  74% used [0x19f20000, 0x1bec2320, 0x1bec2400, 0x1c997000)
 compacting perm gen  total 21504K, used 21293K [0x449d0000, 0x45ed0000, 0x489d0000)
   the space 21504K,  99% used [0x449d0000, 0x45e9b530, 0x45e9b600, 0x45ed0000)
No shared spaces configured.
Event: 249.120 GC heap after
Heap after GC invocations=67 (full 4):
 def new generation   total 19584K, used 50K [0x049d0000, 0x05f10000, 0x19f20000)
  eden space 17408K,   0% used [0x049d0000, 0x049d0000, 0x05ad0000)
  from space 2176K,   2% used [0x05cf0000, 0x05cfc970, 0x05f10000)
  to   space 2176K,   0% used [0x05ad0000, 0x05ad0000, 0x05cf0000)
 tenured generation   total 43484K, used 32392K [0x19f20000, 0x1c997000, 0x449d0000)
   the space 43484K,  74% used [0x19f20000, 0x1bec2320, 0x1bec2400, 0x1c997000)
 compacting perm gen  total 21504K, used 21293K [0x449d0000, 0x45ed0000, 0x489d0000)
   the space 21504K,  99% used [0x449d0000, 0x45e9b530, 0x45e9b600, 0x45ed0000)
No shared spaces configured.
}

