# JRE version: Java(TM) SE Runtime Environment (8.0_65-b17) (build 1.8.0_65-b17)
# Java VM: Java HotSpot(TM) Client VM (25.65-b01 mixed mode windows-x86 )
Heap:
 def new generation   total 16640K, used 8958K [0x0f600000, 0x10800000, 0x14b50000)
  eden space 14848K,  58% used [0x0f600000, 0x0fe70980, 0x10480000)
  from space 1792K,  17% used [0x10640000, 0x1068f160, 0x10800000)
  to   space 1792K,   0% used [0x10480000, 0x10480000, 0x10640000)
 tenured generation   total 36792K, used 30744K [0x14b50000, 0x16f3e000, 0x1f600000)
   the space 36792K,  83% used [0x14b50000, 0x16956040, 0x16956200, 0x16f3e000)
 Metaspace       used 20509K, capacity 20801K, committed 20864K, reserved 20864K
GC Heap History (10 events):
Event: 271.307 GC heap before
{Heap before GC invocations=153 (full 3):
 def new generation   total 16640K, used 15145K [0x0f600000, 0x10800000, 0x14b50000)
  eden space 14848K, 100% used [0x0f600000, 0x10480000, 0x10480000)
  from space 1792K,  16% used [0x10480000, 0x104ca7f0, 0x10640000)
  to   space 1792K,   0% used [0x10640000, 0x10640000, 0x10800000)
 tenured generation   total 36792K, used 30744K [0x14b50000, 0x16f3e000, 0x1f600000)
   the space 36792K,  83% used [0x14b50000, 0x16956040, 0x16956200, 0x16f3e000)
 Metaspace       used 20467K, capacity 20769K, committed 20864K, reserved 20864K
Event: 271.309 GC heap after
Heap after GC invocations=154 (full 3):
 def new generation   total 16640K, used 282K [0x0f600000, 0x10800000, 0x14b50000)
  eden space 14848K,   0% used [0x0f600000, 0x0f600000, 0x10480000)
  from space 1792K,  15% used [0x10640000, 0x10686990, 0x10800000)
  to   space 1792K,   0% used [0x10480000, 0x10480000, 0x10640000)
 tenured generation   total 36792K, used 30744K [0x14b50000, 0x16f3e000, 0x1f600000)
   the space 36792K,  83% used [0x14b50000, 0x16956040, 0x16956200, 0x16f3e000)
 Metaspace       used 20467K, capacity 20769K, committed 20864K, reserved 20864K
}
Event: 271.502 GC heap before
{Heap before GC invocations=154 (full 3):
 def new generation   total 16640K, used 15130K [0x0f600000, 0x10800000, 0x14b50000)
  eden space 14848K, 100% used [0x0f600000, 0x10480000, 0x10480000)
  from space 1792K,  15% used [0x10640000, 0x10686990, 0x10800000)
  to   space 1792K,   0% used [0x10480000, 0x10480000, 0x10640000)
 tenured generation   total 36792K, used 30744K [0x14b50000, 0x16f3e000, 0x1f600000)
   the space 36792K,  83% used [0x14b50000, 0x16956040, 0x16956200, 0x16f3e000)
 Metaspace       used 20467K, capacity 20769K, committed 20864K, reserved 20864K
Event: 271.504 GC heap after
Heap after GC invocations=155 (full 3):
 def new generation   total 16640K, used 282K [0x0f600000, 0x10800000, 0x14b50000)
  eden space 14848K,   0% used [0x0f600000, 0x0f600000, 0x10480000)
  from space 1792K,  15% used [0x10480000, 0x104c6990, 0x10640000)
  to   space 1792K,   0% used [0x10640000, 0x10640000, 0x10800000)
 tenured generation   total 36792K, used 30744K [0x14b50000, 0x16f3e000, 0x1f600000)
   the space 36792K,  83% used [0x14b50000, 0x16956040, 0x16956200, 0x16f3e000)
 Metaspace       used 20467K, capacity 20769K, committed 20864K, reserved 20864K
}
Event: 271.581 GC heap before
{Heap before GC invocations=155 (full 3):
 def new generation   total 16640K, used 15130K [0x0f600000, 0x10800000, 0x14b50000)
  eden space 14848K, 100% used [0x0f600000, 0x10480000, 0x10480000)
  from space 1792K,  15% used [0x10480000, 0x104c6990, 0x10640000)
  to   space 1792K,   0% used [0x10640000, 0x10640000, 0x10800000)
 tenured generation   total 36792K, used 30744K [0x14b50000, 0x16f3e000, 0x1f600000)
   the space 36792K,  83% used [0x14b50000, 0x16956040, 0x16956200, 0x16f3e000)
 Metaspace       used 20467K, capacity 20769K, committed 20864K, reserved 20864K
Event: 271.583 GC heap after
Heap after GC invocations=156 (full 3):
 def new generation   total 16640K, used 282K [0x0f600000, 0x10800000, 0x14b50000)
  eden space 14848K,   0% used [0x0f600000, 0x0f600000, 0x10480000)
  from space 1792K,  15% used [0x10640000, 0x10686990, 0x10800000)
  to   space 1792K,   0% used [0x10480000, 0x10480000, 0x10640000)
 tenured generation   total 36792K, used 30744K [0x14b50000, 0x16f3e000, 0x1f600000)
   the space 36792K,  83% used [0x14b50000, 0x16956040, 0x16956200, 0x16f3e000)
 Metaspace       used 20467K, capacity 20769K, committed 20864K, reserved 20864K
}
Event: 276.522 GC heap before
{Heap before GC invocations=156 (full 3):
 def new generation   total 16640K, used 15130K [0x0f600000, 0x10800000, 0x14b50000)
  eden space 14848K, 100% used [0x0f600000, 0x10480000, 0x10480000)
  from space 1792K,  15% used [0x10640000, 0x10686990, 0x10800000)
  to   space 1792K,   0% used [0x10480000, 0x10480000, 0x10640000)
 tenured generation   total 36792K, used 30744K [0x14b50000, 0x16f3e000, 0x1f600000)
   the space 36792K,  83% used [0x14b50000, 0x16956040, 0x16956200, 0x16f3e000)
 Metaspace       used 20509K, capacity 20801K, committed 20864K, reserved 20864K
Event: 276.525 GC heap after
Heap after GC invocations=157 (full 3):
 def new generation   total 16640K, used 342K [0x0f600000, 0x10800000, 0x14b50000)
  eden space 14848K,   0% used [0x0f600000, 0x0f600000, 0x10480000)
  from space 1792K,  19% used [0x10480000, 0x104d58c8, 0x10640000)
  to   space 1792K,   0% used [0x10640000, 0x10640000, 0x10800000)
 tenured generation   total 36792K, used 30744K [0x14b50000, 0x16f3e000, 0x1f600000)
   the space 36792K,  83% used [0x14b50000, 0x16956040, 0x16956200, 0x16f3e000)
 Metaspace       used 20509K, capacity 20801K, committed 20864K, reserved 20864K
}
Event: 276.733 GC heap before
{Heap before GC invocations=157 (full 3):
 def new generation   total 16640K, used 15190K [0x0f600000, 0x10800000, 0x14b50000)
  eden space 14848K, 100% used [0x0f600000, 0x10480000, 0x10480000)
  from space 1792K,  19% used [0x10480000, 0x104d58c8, 0x10640000)
  to   space 1792K,   0% used [0x10640000, 0x10640000, 0x10800000)
 tenured generation   total 36792K, used 30744K [0x14b50000, 0x16f3e000, 0x1f600000)
   the space 36792K,  83% used [0x14b50000, 0x16956040, 0x16956200, 0x16f3e000)
 Metaspace       used 20509K, capacity 20801K, committed 20864K, reserved 20864K
Event: 276.735 GC heap after
Heap after GC invocations=158 (full 3):
 def new generation   total 16640K, used 316K [0x0f600000, 0x10800000, 0x14b50000)
  eden space 14848K,   0% used [0x0f600000, 0x0f600000, 0x10480000)
  from space 1792K,  17% used [0x10640000, 0x1068f160, 0x10800000)
  to   space 1792K,   0% used [0x10480000, 0x10480000, 0x10640000)
 tenured generation   total 36792K, used 30744K [0x14b50000, 0x16f3e000, 0x1f600000)
   the space 36792K,  83% used [0x14b50000, 0x16956040, 0x16956200, 0x16f3e000)
 Metaspace       used 20509K, capacity 20801K, committed 20864K, reserved 20864K
}

