# JRE version: Java(TM) SE Runtime Environment (7.0_45-b18) (build 1.7.0_45-b18)
# Java VM: Java HotSpot(TM) Client VM (24.45-b08 mixed mode windows-x86 )
Heap
 def new generation   total 4928K, used 3553K [0x056b0000, 0x05c00000, 0x1ac00000)
  eden space 4416K,  73% used [0x056b0000, 0x059daf40, 0x05b00000)
  from space 512K,  60% used [0x05b00000, 0x05b4d658, 0x05b80000)
  to   space 512K,   0% used [0x05b80000, 0x05b80000, 0x05c00000)
 tenured generation   total 10944K, used 7516K [0x1ac00000, 0x1b6b0000, 0x456b0000)
   the space 10944K,  68% used [0x1ac00000, 0x1b3571d8, 0x1b357200, 0x1b6b0000)
 compacting perm gen  total 12288K, used 7483K [0x456b0000, 0x462b0000, 0x496b0000)
   the space 12288K,  60% used [0x456b0000, 0x45dfef60, 0x45dff000, 0x462b0000)
GC Heap History (8 events):
Event: 1.159 GC heap before
{Heap before GC invocations=0 (full 0):
 def new generation   total 4928K, used 4225K [0x056b0000, 0x05c00000, 0x1ac00000)
  eden space 4416K,  95% used [0x056b0000, 0x05ad0618, 0x05b00000)
  from space 512K,   0% used [0x05b00000, 0x05b00000, 0x05b80000)
  to   space 512K,   0% used [0x05b80000, 0x05b80000, 0x05c00000)
 tenured generation   total 10944K, used 0K [0x1ac00000, 0x1b6b0000, 0x456b0000)
   the space 10944K,   0% used [0x1ac00000, 0x1ac00000, 0x1ac00200, 0x1b6b0000)
 compacting perm gen  total 12288K, used 6892K [0x456b0000, 0x462b0000, 0x496b0000)
   the space 12288K,  56% used [0x456b0000, 0x45d6b308, 0x45d6b400, 0x462b0000)
No shared spaces configured.
Event: 1.175 GC heap after
Heap after GC invocations=1 (full 0):
 def new generation   total 4928K, used 512K [0x056b0000, 0x05c00000, 0x1ac00000)
  eden space 4416K,   0% used [0x056b0000, 0x056b0000, 0x05b00000)
  from space 512K, 100% used [0x05b80000, 0x05c00000, 0x05c00000)
  to   space 512K,   0% used [0x05b00000, 0x05b00000, 0x05b80000)
 tenured generation   total 10944K, used 1279K [0x1ac00000, 0x1b6b0000, 0x456b0000)
   the space 10944K,  11% used [0x1ac00000, 0x1ad3ff98, 0x1ad40000, 0x1b6b0000)
 compacting perm gen  total 12288K, used 6892K [0x456b0000, 0x462b0000, 0x496b0000)
   the space 12288K,  56% used [0x456b0000, 0x45d6b308, 0x45d6b400, 0x462b0000)
No shared spaces configured.
}
Event: 3.360 GC heap before
{Heap before GC invocations=1 (full 0):
 def new generation   total 4928K, used 2750K [0x056b0000, 0x05c00000, 0x1ac00000)
  eden space 4416K,  50% used [0x056b0000, 0x058df8f8, 0x05b00000)
  from space 512K, 100% used [0x05b80000, 0x05c00000, 0x05c00000)
  to   space 512K,   0% used [0x05b00000, 0x05b00000, 0x05b80000)
 tenured generation   total 10944K, used 1279K [0x1ac00000, 0x1b6b0000, 0x456b0000)
   the space 10944K,  11% used [0x1ac00000, 0x1ad3ff98, 0x1ad40000, 0x1b6b0000)
 compacting perm gen  total 12288K, used 7118K [0x456b0000, 0x462b0000, 0x496b0000)
   the space 12288K,  57% used [0x456b0000, 0x45da3a88, 0x45da3c00, 0x462b0000)
No shared spaces configured.
Event: 3.387 GC heap after
Heap after GC invocations=2 (full 0):
 def new generation   total 4928K, used 48K [0x056b0000, 0x05c00000, 0x1ac00000)
  eden space 4416K,   0% used [0x056b0000, 0x056b0000, 0x05b00000)
  from space 512K,   9% used [0x05b00000, 0x05b0c1b8, 0x05b80000)
  to   space 512K,   0% used [0x05b80000, 0x05b80000, 0x05c00000)
 tenured generation   total 10944K, used 3754K [0x1ac00000, 0x1b6b0000, 0x456b0000)
   the space 10944K,  34% used [0x1ac00000, 0x1afaaa70, 0x1afaac00, 0x1b6b0000)
 compacting perm gen  total 12288K, used 7118K [0x456b0000, 0x462b0000, 0x496b0000)
   the space 12288K,  57% used [0x456b0000, 0x45da3a88, 0x45da3c00, 0x462b0000)
No shared spaces configured.
}
Event: 5.660 GC heap before
{Heap before GC invocations=2 (full 0):
 def new generation   total 4928K, used 4464K [0x056b0000, 0x05c00000, 0x1ac00000)
  eden space 4416K, 100% used [0x056b0000, 0x05b00000, 0x05b00000)
  from space 512K,   9% used [0x05b00000, 0x05b0c1b8, 0x05b80000)
  to   space 512K,   0% used [0x05b80000, 0x05b80000, 0x05c00000)
 tenured generation   total 10944K, used 3754K [0x1ac00000, 0x1b6b0000, 0x456b0000)
   the space 10944K,  34% used [0x1ac00000, 0x1afaaa70, 0x1afaac00, 0x1b6b0000)
 compacting perm gen  total 12288K, used 7267K [0x456b0000, 0x462b0000, 0x496b0000)
   the space 12288K,  59% used [0x456b0000, 0x45dc8c60, 0x45dc8e00, 0x462b0000)
No shared spaces configured.
Event: 5.694 GC heap after
Heap after GC invocations=3 (full 0):
 def new generation   total 4928K, used 155K [0x056b0000, 0x05c00000, 0x1ac00000)
  eden space 4416K,   0% used [0x056b0000, 0x056b0000, 0x05b00000)
  from space 512K,  30% used [0x05b80000, 0x05ba6e38, 0x05c00000)
  to   space 512K,   0% used [0x05b00000, 0x05b00000, 0x05b80000)
 tenured generation   total 10944K, used 7516K [0x1ac00000, 0x1b6b0000, 0x456b0000)
   the space 10944K,  68% used [0x1ac00000, 0x1b3571d8, 0x1b357200, 0x1b6b0000)
 compacting perm gen  total 12288K, used 7267K [0x456b0000, 0x462b0000, 0x496b0000)
   the space 12288K,  59% used [0x456b0000, 0x45dc8c60, 0x45dc8e00, 0x462b0000)
No shared spaces configured.
}
Event: 12.153 GC heap before
{Heap before GC invocations=3 (full 0):
 def new generation   total 4928K, used 4571K [0x056b0000, 0x05c00000, 0x1ac00000)
  eden space 4416K, 100% used [0x056b0000, 0x05b00000, 0x05b00000)
  from space 512K,  30% used [0x05b80000, 0x05ba6e38, 0x05c00000)
  to   space 512K,   0% used [0x05b00000, 0x05b00000, 0x05b80000)
 tenured generation   total 10944K, used 7516K [0x1ac00000, 0x1b6b0000, 0x456b0000)
   the space 10944K,  68% used [0x1ac00000, 0x1b3571d8, 0x1b357200, 0x1b6b0000)
 compacting perm gen  total 12288K, used 7482K [0x456b0000, 0x462b0000, 0x496b0000)
   the space 12288K,  60% used [0x456b0000, 0x45dfe878, 0x45dfea00, 0x462b0000)
No shared spaces configured.
Event: 12.168 GC heap after
Heap after GC invocations=4 (full 0):
 def new generation   total 4928K, used 309K [0x056b0000, 0x05c00000, 0x1ac00000)
  eden space 4416K,   0% used [0x056b0000, 0x056b0000, 0x05b00000)
  from space 512K,  60% used [0x05b00000, 0x05b4d658, 0x05b80000)
  to   space 512K,   0% used [0x05b80000, 0x05b80000, 0x05c00000)
 tenured generation   total 10944K, used 7516K [0x1ac00000, 0x1b6b0000, 0x456b0000)
   the space 10944K,  68% used [0x1ac00000, 0x1b3571d8, 0x1b357200, 0x1b6b0000)
 compacting perm gen  total 12288K, used 7482K [0x456b0000, 0x462b0000, 0x496b0000)
   the space 12288K,  60% used [0x456b0000, 0x45dfe878, 0x45dfea00, 0x462b0000)
No shared spaces configured.
}

