# JRE version: Java(TM) SE Runtime Environment (7.0_45-b18) (build 1.7.0_45-b18)
# Java VM: Java HotSpot(TM) Client VM (24.45-b08 mixed mode windows-x86 )
Heap
 def new generation   total 6848K, used 2949K [0x05540000, 0x05ca0000, 0x1aa90000)
  eden space 6144K,  46% used [0x05540000, 0x05805468, 0x05b40000)
  from space 704K,  16% used [0x05bf0000, 0x05c0c2f8, 0x05ca0000)
  to   space 704K,   0% used [0x05b40000, 0x05b40000, 0x05bf0000)
 tenured generation   total 15016K, used 11010K [0x1aa90000, 0x1b93a000, 0x45540000)
   the space 15016K,  73% used [0x1aa90000, 0x1b550a78, 0x1b550c00, 0x1b93a000)
 compacting perm gen  total 15360K, used 15140K [0x45540000, 0x46440000, 0x49540000)
   the space 15360K,  98% used [0x45540000, 0x46409168, 0x46409200, 0x46440000)
GC Heap History (10 events):
Event: 27.800 GC heap before
{Heap before GC invocations=58 (full 1):
 def new generation   total 6848K, used 6202K [0x05540000, 0x05ca0000, 0x1aa90000)
  eden space 6144K, 100% used [0x05540000, 0x05b40000, 0x05b40000)
  from space 704K,   8% used [0x05b40000, 0x05b4eae0, 0x05bf0000)
  to   space 704K,   0% used [0x05bf0000, 0x05bf0000, 0x05ca0000)
 tenured generation   total 15016K, used 11010K [0x1aa90000, 0x1b93a000, 0x45540000)
   the space 15016K,  73% used [0x1aa90000, 0x1b550a78, 0x1b550c00, 0x1b93a000)
 compacting perm gen  total 15104K, used 15035K [0x45540000, 0x46400000, 0x49540000)
   the space 15104K,  99% used [0x45540000, 0x463eef78, 0x463ef000, 0x46400000)
No shared spaces configured.
Event: 27.802 GC heap after
Heap after GC invocations=59 (full 1):
 def new generation   total 6848K, used 66K [0x05540000, 0x05ca0000, 0x1aa90000)
  eden space 6144K,   0% used [0x05540000, 0x05540000, 0x05b40000)
  from space 704K,   9% used [0x05bf0000, 0x05c00a30, 0x05ca0000)
  to   space 704K,   0% used [0x05b40000, 0x05b40000, 0x05bf0000)
 tenured generation   total 15016K, used 11010K [0x1aa90000, 0x1b93a000, 0x45540000)
   the space 15016K,  73% used [0x1aa90000, 0x1b550a78, 0x1b550c00, 0x1b93a000)
 compacting perm gen  total 15104K, used 15035K [0x45540000, 0x46400000, 0x49540000)
   the space 15104K,  99% used [0x45540000, 0x463eef78, 0x463ef000, 0x46400000)
No shared spaces configured.
}
Event: 28.349 GC heap before
{Heap before GC invocations=59 (full 1):
 def new generation   total 6848K, used 6210K [0x05540000, 0x05ca0000, 0x1aa90000)
  eden space 6144K, 100% used [0x05540000, 0x05b40000, 0x05b40000)
  from space 704K,   9% used [0x05bf0000, 0x05c00a30, 0x05ca0000)
  to   space 704K,   0% used [0x05b40000, 0x05b40000, 0x05bf0000)
 tenured generation   total 15016K, used 11010K [0x1aa90000, 0x1b93a000, 0x45540000)
   the space 15016K,  73% used [0x1aa90000, 0x1b550a78, 0x1b550c00, 0x1b93a000)
 compacting perm gen  total 15104K, used 15035K [0x45540000, 0x46400000, 0x49540000)
   the space 15104K,  99% used [0x45540000, 0x463eef78, 0x463ef000, 0x46400000)
No shared spaces configured.
Event: 28.350 GC heap after
Heap after GC invocations=60 (full 1):
 def new generation   total 6848K, used 79K [0x05540000, 0x05ca0000, 0x1aa90000)
  eden space 6144K,   0% used [0x05540000, 0x05540000, 0x05b40000)
  from space 704K,  11% used [0x05b40000, 0x05b53e70, 0x05bf0000)
  to   space 704K,   0% used [0x05bf0000, 0x05bf0000, 0x05ca0000)
 tenured generation   total 15016K, used 11010K [0x1aa90000, 0x1b93a000, 0x45540000)
   the space 15016K,  73% used [0x1aa90000, 0x1b550a78, 0x1b550c00, 0x1b93a000)
 compacting perm gen  total 15104K, used 15035K [0x45540000, 0x46400000, 0x49540000)
   the space 15104K,  99% used [0x45540000, 0x463eef78, 0x463ef000, 0x46400000)
No shared spaces configured.
}
Event: 28.819 GC heap before
{Heap before GC invocations=60 (full 1):
 def new generation   total 6848K, used 6223K [0x05540000, 0x05ca0000, 0x1aa90000)
  eden space 6144K, 100% used [0x05540000, 0x05b40000, 0x05b40000)
  from space 704K,  11% used [0x05b40000, 0x05b53e70, 0x05bf0000)
  to   space 704K,   0% used [0x05bf0000, 0x05bf0000, 0x05ca0000)
 tenured generation   total 15016K, used 11010K [0x1aa90000, 0x1b93a000, 0x45540000)
   the space 15016K,  73% used [0x1aa90000, 0x1b550a78, 0x1b550c00, 0x1b93a000)
 compacting perm gen  total 15104K, used 15035K [0x45540000, 0x46400000, 0x49540000)
   the space 15104K,  99% used [0x45540000, 0x463eef78, 0x463ef000, 0x46400000)
No shared spaces configured.
Event: 28.820 GC heap after
Heap after GC invocations=61 (full 1):
 def new generation   total 6848K, used 92K [0x05540000, 0x05ca0000, 0x1aa90000)
  eden space 6144K,   0% used [0x05540000, 0x05540000, 0x05b40000)
  from space 704K,  13% used [0x05bf0000, 0x05c073c0, 0x05ca0000)
  to   space 704K,   0% used [0x05b40000, 0x05b40000, 0x05bf0000)
 tenured generation   total 15016K, used 11010K [0x1aa90000, 0x1b93a000, 0x45540000)
   the space 15016K,  73% used [0x1aa90000, 0x1b550a78, 0x1b550c00, 0x1b93a000)
 compacting perm gen  total 15104K, used 15035K [0x45540000, 0x46400000, 0x49540000)
   the space 15104K,  99% used [0x45540000, 0x463eef78, 0x463ef000, 0x46400000)
No shared spaces configured.
}
Event: 29.593 GC heap before
{Heap before GC invocations=61 (full 1):
 def new generation   total 6848K, used 6236K [0x05540000, 0x05ca0000, 0x1aa90000)
  eden space 6144K, 100% used [0x05540000, 0x05b40000, 0x05b40000)
  from space 704K,  13% used [0x05bf0000, 0x05c073c0, 0x05ca0000)
  to   space 704K,   0% used [0x05b40000, 0x05b40000, 0x05bf0000)
 tenured generation   total 15016K, used 11010K [0x1aa90000, 0x1b93a000, 0x45540000)
   the space 15016K,  73% used [0x1aa90000, 0x1b550a78, 0x1b550c00, 0x1b93a000)
 compacting perm gen  total 15104K, used 15035K [0x45540000, 0x46400000, 0x49540000)
   the space 15104K,  99% used [0x45540000, 0x463eef78, 0x463ef000, 0x46400000)
No shared spaces configured.
Event: 29.594 GC heap after
Heap after GC invocations=62 (full 1):
 def new generation   total 6848K, used 95K [0x05540000, 0x05ca0000, 0x1aa90000)
  eden space 6144K,   0% used [0x05540000, 0x05540000, 0x05b40000)
  from space 704K,  13% used [0x05b40000, 0x05b57c98, 0x05bf0000)
  to   space 704K,   0% used [0x05bf0000, 0x05bf0000, 0x05ca0000)
 tenured generation   total 15016K, used 11010K [0x1aa90000, 0x1b93a000, 0x45540000)
   the space 15016K,  73% used [0x1aa90000, 0x1b550a78, 0x1b550c00, 0x1b93a000)
 compacting perm gen  total 15104K, used 15035K [0x45540000, 0x46400000, 0x49540000)
   the space 15104K,  99% used [0x45540000, 0x463eef78, 0x463ef000, 0x46400000)
No shared spaces configured.
}
Event: 29.919 GC heap before
{Heap before GC invocations=62 (full 1):
 def new generation   total 6848K, used 6239K [0x05540000, 0x05ca0000, 0x1aa90000)
  eden space 6144K, 100% used [0x05540000, 0x05b40000, 0x05b40000)
  from space 704K,  13% used [0x05b40000, 0x05b57c98, 0x05bf0000)
  to   space 704K,   0% used [0x05bf0000, 0x05bf0000, 0x05ca0000)
 tenured generation   total 15016K, used 11010K [0x1aa90000, 0x1b93a000, 0x45540000)
   the space 15016K,  73% used [0x1aa90000, 0x1b550a78, 0x1b550c00, 0x1b93a000)
 compacting perm gen  total 15104K, used 15035K [0x45540000, 0x46400000, 0x49540000)
   the space 15104K,  99% used [0x45540000, 0x463eef78, 0x463ef000, 0x46400000)
No shared spaces configured.
Event: 29.920 GC heap after
Heap after GC invocations=63 (full 1):
 def new generation   total 6848K, used 112K [0x05540000, 0x05ca0000, 0x1aa90000)
  eden space 6144K,   0% used [0x05540000, 0x05540000, 0x05b40000)
  from space 704K,  16% used [0x05bf0000, 0x05c0c2f8, 0x05ca0000)
  to   space 704K,   0% used [0x05b40000, 0x05b40000, 0x05bf0000)
 tenured generation   total 15016K, used 11010K [0x1aa90000, 0x1b93a000, 0x45540000)
   the space 15016K,  73% used [0x1aa90000, 0x1b550a78, 0x1b550c00, 0x1b93a000)
 compacting perm gen  total 15104K, used 15035K [0x45540000, 0x46400000, 0x49540000)
   the space 15104K,  99% used [0x45540000, 0x463eef78, 0x463ef000, 0x46400000)
No shared spaces configured.
}

