# JRE version: Java(TM) SE Runtime Environment (8.0_65-b17) (build 1.8.0_65-b17)
# Java VM: Java HotSpot(TM) Client VM (25.65-b01 mixed mode windows-x86 )
Heap:
 def new generation   total 4928K, used 4264K [0x04e00000, 0x05350000, 0x0a350000)
  eden space 4416K,  84% used [0x04e00000, 0x051aa278, 0x05250000)
  from space 512K, 100% used [0x05250000, 0x052d0000, 0x052d0000)
  to   space 512K,   0% used [0x052d0000, 0x052d0000, 0x05350000)
 tenured generation   total 10944K, used 6538K [0x0a350000, 0x0ae00000, 0x14e00000)
   the space 10944K,  59% used [0x0a350000, 0x0a9b29c0, 0x0a9b2a00, 0x0ae00000)
 Metaspace       used 7784K, capacity 7976K, committed 8064K, reserved 8576K
GC Heap History (10 events):
Event: 75.898 GC heap before
{Heap before GC invocations=11 (full 0):
 def new generation   total 4928K, used 4457K [0x04e00000, 0x05350000, 0x0a350000)
  eden space 4416K,  99% used [0x04e00000, 0x0524fa78, 0x05250000)
  from space 512K,   8% used [0x052d0000, 0x052daa38, 0x05350000)
  to   space 512K,   0% used [0x05250000, 0x05250000, 0x052d0000)
 tenured generation   total 10944K, used 6090K [0x0a350000, 0x0ae00000, 0x14e00000)
   the space 10944K,  55% used [0x0a350000, 0x0a942818, 0x0a942a00, 0x0ae00000)
 Metaspace       used 7510K, capacity 7673K, committed 7808K, reserved 8576K
Event: 75.899 GC heap after
Heap after GC invocations=12 (full 0):
 def new generation   total 4928K, used 42K [0x04e00000, 0x05350000, 0x0a350000)
  eden space 4416K,   0% used [0x04e00000, 0x04e00000, 0x05250000)
  from space 512K,   8% used [0x05250000, 0x0525aa38, 0x052d0000)
  to   space 512K,   0% used [0x052d0000, 0x052d0000, 0x05350000)
 tenured generation   total 10944K, used 6090K [0x0a350000, 0x0ae00000, 0x14e00000)
   the space 10944K,  55% used [0x0a350000, 0x0a942818, 0x0a942a00, 0x0ae00000)
 Metaspace       used 7510K, capacity 7673K, committed 7808K, reserved 8576K
}
Event: 75.936 GC heap before
{Heap before GC invocations=12 (full 0):
 def new generation   total 4928K, used 4458K [0x04e00000, 0x05350000, 0x0a350000)
  eden space 4416K, 100% used [0x04e00000, 0x05250000, 0x05250000)
  from space 512K,   8% used [0x05250000, 0x0525aa38, 0x052d0000)
  to   space 512K,   0% used [0x052d0000, 0x052d0000, 0x05350000)
 tenured generation   total 10944K, used 6090K [0x0a350000, 0x0ae00000, 0x14e00000)
   the space 10944K,  55% used [0x0a350000, 0x0a942818, 0x0a942a00, 0x0ae00000)
 Metaspace       used 7510K, capacity 7673K, committed 7808K, reserved 8576K
Event: 75.937 GC heap after
Heap after GC invocations=13 (full 0):
 def new generation   total 4928K, used 42K [0x04e00000, 0x05350000, 0x0a350000)
  eden space 4416K,   0% used [0x04e00000, 0x04e00000, 0x05250000)
  from space 512K,   8% used [0x052d0000, 0x052daa38, 0x05350000)
  to   space 512K,   0% used [0x05250000, 0x05250000, 0x052d0000)
 tenured generation   total 10944K, used 6090K [0x0a350000, 0x0ae00000, 0x14e00000)
   the space 10944K,  55% used [0x0a350000, 0x0a942818, 0x0a942a00, 0x0ae00000)
 Metaspace       used 7510K, capacity 7673K, committed 7808K, reserved 8576K
}
Event: 75.976 GC heap before
{Heap before GC invocations=13 (full 0):
 def new generation   total 4928K, used 4458K [0x04e00000, 0x05350000, 0x0a350000)
  eden space 4416K,  99% used [0x04e00000, 0x0524fe50, 0x05250000)
  from space 512K,   8% used [0x052d0000, 0x052daa38, 0x05350000)
  to   space 512K,   0% used [0x05250000, 0x05250000, 0x052d0000)
 tenured generation   total 10944K, used 6090K [0x0a350000, 0x0ae00000, 0x14e00000)
   the space 10944K,  55% used [0x0a350000, 0x0a942818, 0x0a942a00, 0x0ae00000)
 Metaspace       used 7510K, capacity 7673K, committed 7808K, reserved 8576K
Event: 75.976 GC heap after
Heap after GC invocations=14 (full 0):
 def new generation   total 4928K, used 42K [0x04e00000, 0x05350000, 0x0a350000)
  eden space 4416K,   0% used [0x04e00000, 0x04e00000, 0x05250000)
  from space 512K,   8% used [0x05250000, 0x0525aa38, 0x052d0000)
  to   space 512K,   0% used [0x052d0000, 0x052d0000, 0x05350000)
 tenured generation   total 10944K, used 6090K [0x0a350000, 0x0ae00000, 0x14e00000)
   the space 10944K,  55% used [0x0a350000, 0x0a942818, 0x0a942a00, 0x0ae00000)
 Metaspace       used 7510K, capacity 7673K, committed 7808K, reserved 8576K
}
Event: 85.741 GC heap before
{Heap before GC invocations=14 (full 0):
 def new generation   total 4928K, used 4458K [0x04e00000, 0x05350000, 0x0a350000)
  eden space 4416K, 100% used [0x04e00000, 0x05250000, 0x05250000)
  from space 512K,   8% used [0x05250000, 0x0525aa38, 0x052d0000)
  to   space 512K,   0% used [0x052d0000, 0x052d0000, 0x05350000)
 tenured generation   total 10944K, used 6090K [0x0a350000, 0x0ae00000, 0x14e00000)
   the space 10944K,  55% used [0x0a350000, 0x0a942818, 0x0a942a00, 0x0ae00000)
 Metaspace       used 7573K, capacity 7782K, committed 7936K, reserved 8576K
Event: 85.743 GC heap after
Heap after GC invocations=15 (full 0):
 def new generation   total 4928K, used 243K [0x04e00000, 0x05350000, 0x0a350000)
  eden space 4416K,   0% used [0x04e00000, 0x04e00000, 0x05250000)
  from space 512K,  47% used [0x052d0000, 0x0530cf68, 0x05350000)
  to   space 512K,   0% used [0x05250000, 0x05250000, 0x052d0000)
 tenured generation   total 10944K, used 6090K [0x0a350000, 0x0ae00000, 0x14e00000)
   the space 10944K,  55% used [0x0a350000, 0x0a942818, 0x0a942a00, 0x0ae00000)
 Metaspace       used 7573K, capacity 7782K, committed 7936K, reserved 8576K
}
Event: 100.200 GC heap before
{Heap before GC invocations=15 (full 0):
 def new generation   total 4928K, used 4659K [0x04e00000, 0x05350000, 0x0a350000)
  eden space 4416K, 100% used [0x04e00000, 0x05250000, 0x05250000)
  from space 512K,  47% used [0x052d0000, 0x0530cf68, 0x05350000)
  to   space 512K,   0% used [0x05250000, 0x05250000, 0x052d0000)
 tenured generation   total 10944K, used 6090K [0x0a350000, 0x0ae00000, 0x14e00000)
   the space 10944K,  55% used [0x0a350000, 0x0a942818, 0x0a942a00, 0x0ae00000)
 Metaspace       used 7657K, capacity 7848K, committed 7936K, reserved 8576K
Event: 100.203 GC heap after
Heap after GC invocations=16 (full 0):
 def new generation   total 4928K, used 512K [0x04e00000, 0x05350000, 0x0a350000)
  eden space 4416K,   0% used [0x04e00000, 0x04e00000, 0x05250000)
  from space 512K, 100% used [0x05250000, 0x052d0000, 0x052d0000)
  to   space 512K,   0% used [0x052d0000, 0x052d0000, 0x05350000)
 tenured generation   total 10944K, used 6538K [0x0a350000, 0x0ae00000, 0x14e00000)
   the space 10944K,  59% used [0x0a350000, 0x0a9b29c0, 0x0a9b2a00, 0x0ae00000)
 Metaspace       used 7657K, capacity 7848K, committed 7936K, reserved 8576K
}

